Arguments: 
  /usr/local/Cellar/node/14.10.1/bin/node /usr/local/Cellar/yarn/1.22.5/libexec/bin/yarn.js add --dev webpack-dev-server

PATH: 
  /Users/annerichardson/.rvm/gems/ruby-2.7.2/bin:/Users/annerichardson/.rvm/gems/ruby-2.7.2@global/bin:/Users/annerichardson/.rvm/rubies/ruby-2.7.2/bin:/Users/annerichardson/.rvm/bin:/usr/local/opt/qt@5.5/bin:/usr/local/opt/mariadb@10.0/bin:/usr/local/bin:/usr/bin:/bin:/usr/sbin:/sbin

Yarn version: 
  1.22.5

Node version: 
  14.10.1

Platform: 
  darwin x64

Trace: 
  SyntaxError: /Users/annerichardson/software_development/personal_projects/sorrygirl/package.json: Unexpected token : in JSON at position 76
      at JSON.parse (<anonymous>)
      at /usr/local/Cellar/yarn/1.22.5/libexec/lib/cli.js:1625:59
      at Generator.next (<anonymous>)
      at step (/usr/local/Cellar/yarn/1.22.5/libexec/lib/cli.js:310:30)
      at /usr/local/Cellar/yarn/1.22.5/libexec/lib/cli.js:321:13

npm manifest: 
  {
    "name": "sorrygirl",
    "private": true,
    "dependencies": "dependencies": {
      "@rails/ujs": "^6.0.0",
      "turbolinks": "^5.2.0",
      "@rails/activestorage": "^6.0.0",
      "@rails/actioncable": "^6.0.0"
    },
    "version": "0.1.0"
  }

yarn manifest: 
  No manifest

Lockfile: 
  No lockfile
